[2021-12-13 14:44:14,231] {manager.py:504} INFO - Processing files using up to 1 processes at a time 
[2021-12-13 14:44:14,231] {manager.py:505} INFO - Process each file at most once every 30 seconds
[2021-12-13 14:44:14,231] {manager.py:506} INFO - Checking for new files in /home/benjamin/git/airflow-saas/airflow-dags/airflow-dags-opc/dags every 300 seconds
[2021-12-13 14:44:14,231] {manager.py:653} INFO - Searching for files in /home/benjamin/git/airflow-saas/airflow-dags/airflow-dags-opc/dags
[2021-12-13 14:44:14,233] {manager.py:656} INFO - There are 1 files in /home/benjamin/git/airflow-saas/airflow-dags/airflow-dags-opc/dags
[2021-12-13 14:44:14,242] {manager.py:1051} INFO - Finding 'running' jobs without a recent heartbeat
[2021-12-13 14:44:14,242] {manager.py:1055} INFO - Failing jobs without heartbeat after 2021-12-13 13:39:14.242871+00:00
[2021-12-13 14:44:14,757] {manager.py:774} INFO - 
================================================================================
DAG File Processing Stats

File Path                                                                  PID    Runtime      # DAGs    # Errors  Last Runtime    Last Run
-------------------------------------------------------------------------  -----  ---------  --------  ----------  --------------  -------------------
/home/benjamin/git/airflow-saas/airflow-dags/airflow-dags-opc/dags/dag.py                           1           0  0.50s           2021-12-13T13:44:14
================================================================================
[2021-12-13 14:44:24,693] {manager.py:1051} INFO - Finding 'running' jobs without a recent heartbeat
[2021-12-13 14:44:24,694] {manager.py:1055} INFO - Failing jobs without heartbeat after 2021-12-13 13:39:24.694598+00:00
[2021-12-13 14:44:35,667] {manager.py:1051} INFO - Finding 'running' jobs without a recent heartbeat
[2021-12-13 14:44:35,667] {manager.py:1055} INFO - Failing jobs without heartbeat after 2021-12-13 13:39:35.667917+00:00
[2021-12-13 14:44:44,965] {manager.py:774} INFO - 
================================================================================
DAG File Processing Stats

File Path                                                                  PID    Runtime      # DAGs    # Errors  Last Runtime    Last Run
-------------------------------------------------------------------------  -----  ---------  --------  ----------  --------------  -------------------
/home/benjamin/git/airflow-saas/airflow-dags/airflow-dags-opc/dags/dag.py                           1           0  0.41s           2021-12-13T13:44:44
================================================================================
[2021-12-13 14:44:46,010] {manager.py:1051} INFO - Finding 'running' jobs without a recent heartbeat
[2021-12-13 14:44:46,010] {manager.py:1055} INFO - Failing jobs without heartbeat after 2021-12-13 13:39:46.010928+00:00
[2021-12-13 14:44:56,391] {manager.py:1051} INFO - Finding 'running' jobs without a recent heartbeat
[2021-12-13 14:44:56,391] {manager.py:1055} INFO - Failing jobs without heartbeat after 2021-12-13 13:39:56.391466+00:00
[2021-12-13 14:45:07,279] {manager.py:1051} INFO - Finding 'running' jobs without a recent heartbeat
[2021-12-13 14:45:07,279] {manager.py:1055} INFO - Failing jobs without heartbeat after 2021-12-13 13:40:07.279879+00:00
[2021-12-13 14:45:15,637] {manager.py:774} INFO - 
================================================================================
DAG File Processing Stats

File Path                                                                  PID    Runtime      # DAGs    # Errors  Last Runtime    Last Run
-------------------------------------------------------------------------  -----  ---------  --------  ----------  --------------  -------------------
/home/benjamin/git/airflow-saas/airflow-dags/airflow-dags-opc/dags/dag.py                           1           0  0.40s           2021-12-13T13:45:15
================================================================================
[2021-12-13 14:45:18,149] {manager.py:1051} INFO - Finding 'running' jobs without a recent heartbeat
[2021-12-13 14:45:18,150] {manager.py:1055} INFO - Failing jobs without heartbeat after 2021-12-13 13:40:18.150459+00:00
[2021-12-13 14:45:29,061] {manager.py:1051} INFO - Finding 'running' jobs without a recent heartbeat
[2021-12-13 14:45:29,061] {manager.py:1055} INFO - Failing jobs without heartbeat after 2021-12-13 13:40:29.061645+00:00
[2021-12-13 14:45:39,996] {manager.py:1051} INFO - Finding 'running' jobs without a recent heartbeat
[2021-12-13 14:45:39,996] {manager.py:1055} INFO - Failing jobs without heartbeat after 2021-12-13 13:40:39.996798+00:00
[2021-12-13 14:45:45,843] {manager.py:774} INFO - 
================================================================================
DAG File Processing Stats

File Path                                                                  PID    Runtime      # DAGs    # Errors  Last Runtime    Last Run
-------------------------------------------------------------------------  -----  ---------  --------  ----------  --------------  -------------------
/home/benjamin/git/airflow-saas/airflow-dags/airflow-dags-opc/dags/dag.py                           1           0  0.40s           2021-12-13T13:45:45
================================================================================
[2021-12-13 14:45:50,520] {manager.py:1051} INFO - Finding 'running' jobs without a recent heartbeat
[2021-12-13 14:45:50,521] {manager.py:1055} INFO - Failing jobs without heartbeat after 2021-12-13 13:40:50.521316+00:00
[2021-12-13 14:46:01,483] {manager.py:1051} INFO - Finding 'running' jobs without a recent heartbeat
[2021-12-13 14:46:01,484] {manager.py:1055} INFO - Failing jobs without heartbeat after 2021-12-13 13:41:01.484643+00:00
[2021-12-13 14:46:12,293] {manager.py:1051} INFO - Finding 'running' jobs without a recent heartbeat
[2021-12-13 14:46:12,293] {manager.py:1055} INFO - Failing jobs without heartbeat after 2021-12-13 13:41:12.293169+00:00
[2021-12-13 14:46:16,870] {manager.py:774} INFO - 
================================================================================
DAG File Processing Stats

File Path                                                                  PID    Runtime      # DAGs    # Errors  Last Runtime    Last Run
-------------------------------------------------------------------------  -----  ---------  --------  ----------  --------------  -------------------
/home/benjamin/git/airflow-saas/airflow-dags/airflow-dags-opc/dags/dag.py                           1           0  0.41s           2021-12-13T13:46:16
================================================================================
[2021-12-13 14:46:23,420] {manager.py:1051} INFO - Finding 'running' jobs without a recent heartbeat
[2021-12-13 14:46:23,421] {manager.py:1055} INFO - Failing jobs without heartbeat after 2021-12-13 13:41:23.421221+00:00
[2021-12-13 14:46:33,858] {manager.py:1051} INFO - Finding 'running' jobs without a recent heartbeat
[2021-12-13 14:46:33,859] {manager.py:1055} INFO - Failing jobs without heartbeat after 2021-12-13 13:41:33.859193+00:00
[2021-12-13 14:46:45,052] {manager.py:1051} INFO - Finding 'running' jobs without a recent heartbeat
[2021-12-13 14:46:45,052] {manager.py:1055} INFO - Failing jobs without heartbeat after 2021-12-13 13:41:45.052324+00:00
[2021-12-13 14:46:48,101] {manager.py:774} INFO - 
================================================================================
DAG File Processing Stats

File Path                                                                  PID    Runtime      # DAGs    # Errors  Last Runtime    Last Run
-------------------------------------------------------------------------  -----  ---------  --------  ----------  --------------  -------------------
/home/benjamin/git/airflow-saas/airflow-dags/airflow-dags-opc/dags/dag.py                           1           0  0.40s           2021-12-13T13:46:48
================================================================================
[2021-12-13 14:46:56,087] {manager.py:1051} INFO - Finding 'running' jobs without a recent heartbeat
[2021-12-13 14:46:56,087] {manager.py:1055} INFO - Failing jobs without heartbeat after 2021-12-13 13:41:56.087780+00:00
[2021-12-13 14:47:03,042] {manager.py:897} ERROR - Processor for /home/benjamin/git/airflow-saas/airflow-dags/airflow-dags-opc/dags/dag.py exited with return code 1.
[2021-12-13 14:47:04,610] {manager.py:485} INFO - Exiting gracefully upon receiving signal 15
